{"C:\\Users\\alan_\\Documents\\Projects\\product-admin\\backend\\src\\router.ts": {"path":"C:\\Users\\alan_\\Documents\\Projects\\product-admin\\backend\\src\\router.ts","statementMap":{"0":{"start":{"line":1,"column":0},"end":{"line":1,"column":32}},"1":{"start":{"line":2,"column":0},"end":{"line":2,"column":47}},"2":{"start":{"line":3,"column":0},"end":{"line":3,"column":49}},"3":{"start":{"line":4,"column":0},"end":{"line":4,"column":null}},"4":{"start":{"line":13,"column":15},"end":{"line":13,"column":23}},"5":{"start":{"line":15,"column":0},"end":{"line":15,"column":29}},"6":{"start":{"line":17,"column":0},"end":{"line":21,"column":2}},"7":{"start":{"line":23,"column":0},"end":{"line":32,"column":2}},"8":{"start":{"line":29,"column":25},"end":{"line":29,"column":34}},"9":{"start":{"line":34,"column":0},"end":{"line":45,"column":2}},"10":{"start":{"line":41,"column":25},"end":{"line":41,"column":34}},"11":{"start":{"line":47,"column":0},"end":{"line":51,"column":2}},"12":{"start":{"line":53,"column":0},"end":{"line":57,"column":2}},"13":{"start":{"line":59,"column":0},"end":{"line":59,"column":null}}},"fnMap":{"0":{"name":"(anonymous_0)","decl":{"start":{"line":29,"column":16},"end":{"line":29,"column":21}},"loc":{"start":{"line":29,"column":25},"end":{"line":29,"column":34}}},"1":{"name":"(anonymous_1)","decl":{"start":{"line":41,"column":16},"end":{"line":41,"column":21}},"loc":{"start":{"line":41,"column":25},"end":{"line":41,"column":34}}}},"branchMap":{},"s":{"0":2,"1":2,"2":2,"3":2,"4":2,"5":2,"6":2,"7":2,"8":4,"9":2,"10":5,"11":2,"12":2,"13":2},"f":{"0":4,"1":5},"b":{}}
,"C:\\Users\\alan_\\Documents\\Projects\\product-admin\\backend\\src\\server.ts": {"path":"C:\\Users\\alan_\\Documents\\Projects\\product-admin\\backend\\src\\server.ts","statementMap":{"0":{"start":{"line":7,"column":0},"end":{"line":7,"column":7}},"1":{"start":{"line":1,"column":0},"end":{"line":1,"column":29}},"2":{"start":{"line":2,"column":0},"end":{"line":2,"column":27}},"3":{"start":{"line":3,"column":0},"end":{"line":3,"column":30}},"4":{"start":{"line":4,"column":0},"end":{"line":4,"column":29}},"5":{"start":{"line":8,"column":4},"end":{"line":15,"column":5}},"6":{"start":{"line":9,"column":8},"end":{"line":9,"column":32}},"7":{"start":{"line":10,"column":8},"end":{"line":10,"column":18}},"8":{"start":{"line":13,"column":8},"end":{"line":13,"column":27}},"9":{"start":{"line":14,"column":8},"end":{"line":14,"column":73}},"10":{"start":{"line":18,"column":0},"end":{"line":18,"column":12}},"11":{"start":{"line":20,"column":15},"end":{"line":20,"column":24}},"12":{"start":{"line":23,"column":0},"end":{"line":23,"column":null}},"13":{"start":{"line":26,"column":0},"end":{"line":28,"column":null}},"14":{"start":{"line":27,"column":4},"end":{"line":27,"column":null}},"15":{"start":{"line":31,"column":0},"end":{"line":31,"column":null}},"16":{"start":{"line":33,"column":0},"end":{"line":33,"column":null}}},"fnMap":{"0":{"name":"connectDB","decl":{"start":{"line":7,"column":22},"end":{"line":7,"column":31}},"loc":{"start":{"line":7,"column":31},"end":{"line":16,"column":1}}},"1":{"name":"(anonymous_2)","decl":{"start":{"line":26,"column":19},"end":{"line":26,"column":20}},"loc":{"start":{"line":26,"column":32},"end":{"line":28,"column":1}}}},"branchMap":{},"s":{"0":2,"1":2,"2":2,"3":2,"4":2,"5":3,"6":3,"7":2,"8":1,"9":1,"10":2,"11":2,"12":2,"13":2,"14":1,"15":2,"16":2},"f":{"0":3,"1":1},"b":{}}
,"C:\\Users\\alan_\\Documents\\Projects\\product-admin\\backend\\src\\config\\db.ts": {"path":"C:\\Users\\alan_\\Documents\\Projects\\product-admin\\backend\\src\\config\\db.ts","statementMap":{"0":{"start":{"line":1,"column":0},"end":{"line":1,"column":49}},"1":{"start":{"line":2,"column":0},"end":{"line":2,"column":27}},"2":{"start":{"line":4,"column":0},"end":{"line":4,"column":null}},"3":{"start":{"line":6,"column":11},"end":{"line":10,"column":2}},"4":{"start":{"line":12,"column":0},"end":{"line":12,"column":null}}},"fnMap":{},"branchMap":{},"s":{"0":2,"1":2,"2":2,"3":2,"4":2},"f":{},"b":{}}
,"C:\\Users\\alan_\\Documents\\Projects\\product-admin\\backend\\src\\handlers\\product.ts": {"path":"C:\\Users\\alan_\\Documents\\Projects\\product-admin\\backend\\src\\handlers\\product.ts","statementMap":{"0":{"start":{"line":2,"column":0},"end":{"line":2,"column":45}},"1":{"start":{"line":4,"column":29},"end":{"line":11,"column":1}},"2":{"start":{"line":5,"column":4},"end":{"line":10,"column":5}},"3":{"start":{"line":6,"column":24},"end":{"line":6,"column":54}},"4":{"start":{"line":7,"column":8},"end":{"line":7,"column":null}},"5":{"start":{"line":9,"column":8},"end":{"line":9,"column":27}},"6":{"start":{"line":4,"column":13},"end":{"line":4,"column":29}},"7":{"start":{"line":13,"column":27},"end":{"line":23,"column":1}},"8":{"start":{"line":14,"column":4},"end":{"line":22,"column":5}},"9":{"start":{"line":15,"column":25},"end":{"line":17,"column":10}},"10":{"start":{"line":18,"column":8},"end":{"line":18,"column":49}},"11":{"start":{"line":20,"column":8},"end":{"line":20,"column":27}},"12":{"start":{"line":21,"column":8},"end":{"line":21,"column":67}},"13":{"start":{"line":13,"column":13},"end":{"line":13,"column":27}},"14":{"start":{"line":25,"column":30},"end":{"line":39,"column":1}},"15":{"start":{"line":26,"column":4},"end":{"line":38,"column":5}},"16":{"start":{"line":27,"column":23},"end":{"line":27,"column":33}},"17":{"start":{"line":28,"column":24},"end":{"line":28,"column":50}},"18":{"start":{"line":30,"column":8},"end":{"line":32,"column":9}},"19":{"start":{"line":31,"column":11},"end":{"line":31,"column":71}},"20":{"start":{"line":34,"column":8},"end":{"line":34,"column":48}},"21":{"start":{"line":36,"column":8},"end":{"line":36,"column":27}},"22":{"start":{"line":37,"column":8},"end":{"line":37,"column":66}},"23":{"start":{"line":25,"column":13},"end":{"line":25,"column":30}},"24":{"start":{"line":41,"column":29},"end":{"line":57,"column":1}},"25":{"start":{"line":42,"column":4},"end":{"line":56,"column":5}},"26":{"start":{"line":43,"column":23},"end":{"line":43,"column":33}},"27":{"start":{"line":44,"column":24},"end":{"line":44,"column":50}},"28":{"start":{"line":46,"column":8},"end":{"line":48,"column":9}},"29":{"start":{"line":47,"column":11},"end":{"line":47,"column":71}},"30":{"start":{"line":50,"column":8},"end":{"line":50,"column":39}},"31":{"start":{"line":51,"column":31},"end":{"line":51,"column":51}},"32":{"start":{"line":52,"column":8},"end":{"line":52,"column":55}},"33":{"start":{"line":54,"column":8},"end":{"line":54,"column":27}},"34":{"start":{"line":55,"column":8},"end":{"line":55,"column":66}},"35":{"start":{"line":41,"column":13},"end":{"line":41,"column":29}},"36":{"start":{"line":59,"column":34},"end":{"line":75,"column":1}},"37":{"start":{"line":60,"column":4},"end":{"line":74,"column":5}},"38":{"start":{"line":61,"column":23},"end":{"line":61,"column":33}},"39":{"start":{"line":62,"column":24},"end":{"line":62,"column":50}},"40":{"start":{"line":64,"column":8},"end":{"line":66,"column":9}},"41":{"start":{"line":65,"column":11},"end":{"line":65,"column":71}},"42":{"start":{"line":68,"column":8},"end":{"line":68,"column":64}},"43":{"start":{"line":69,"column":31},"end":{"line":69,"column":51}},"44":{"start":{"line":70,"column":8},"end":{"line":70,"column":55}},"45":{"start":{"line":72,"column":8},"end":{"line":72,"column":27}},"46":{"start":{"line":73,"column":8},"end":{"line":73,"column":79}},"47":{"start":{"line":59,"column":13},"end":{"line":59,"column":34}},"48":{"start":{"line":77,"column":29},"end":{"line":93,"column":1}},"49":{"start":{"line":78,"column":4},"end":{"line":92,"column":5}},"50":{"start":{"line":79,"column":23},"end":{"line":79,"column":33}},"51":{"start":{"line":80,"column":24},"end":{"line":80,"column":50}},"52":{"start":{"line":82,"column":8},"end":{"line":84,"column":9}},"53":{"start":{"line":83,"column":11},"end":{"line":83,"column":71}},"54":{"start":{"line":86,"column":8},"end":{"line":86,"column":32}},"55":{"start":{"line":87,"column":8},"end":{"line":87,"column":58}},"56":{"start":{"line":90,"column":8},"end":{"line":90,"column":27}},"57":{"start":{"line":91,"column":8},"end":{"line":91,"column":79}},"58":{"start":{"line":77,"column":13},"end":{"line":77,"column":29}}},"fnMap":{"0":{"name":"(anonymous_1)","decl":{"start":{"line":4,"column":29},"end":{"line":4,"column":34}},"loc":{"start":{"line":4,"column":67},"end":{"line":11,"column":1}}},"1":{"name":"(anonymous_2)","decl":{"start":{"line":13,"column":27},"end":{"line":13,"column":32}},"loc":{"start":{"line":13,"column":65},"end":{"line":23,"column":1}}},"2":{"name":"(anonymous_3)","decl":{"start":{"line":25,"column":30},"end":{"line":25,"column":35}},"loc":{"start":{"line":25,"column":68},"end":{"line":39,"column":1}}},"3":{"name":"(anonymous_4)","decl":{"start":{"line":41,"column":29},"end":{"line":41,"column":34}},"loc":{"start":{"line":41,"column":67},"end":{"line":57,"column":1}}},"4":{"name":"(anonymous_5)","decl":{"start":{"line":59,"column":34},"end":{"line":59,"column":39}},"loc":{"start":{"line":59,"column":72},"end":{"line":75,"column":1}}},"5":{"name":"(anonymous_6)","decl":{"start":{"line":77,"column":29},"end":{"line":77,"column":34}},"loc":{"start":{"line":77,"column":67},"end":{"line":93,"column":1}}}},"branchMap":{"0":{"loc":{"start":{"line":30,"column":8},"end":{"line":32,"column":9}},"type":"if","locations":[{"start":{"line":30,"column":8},"end":{"line":32,"column":9}},{"start":{},"end":{}}]},"1":{"loc":{"start":{"line":46,"column":8},"end":{"line":48,"column":9}},"type":"if","locations":[{"start":{"line":46,"column":8},"end":{"line":48,"column":9}},{"start":{},"end":{}}]},"2":{"loc":{"start":{"line":64,"column":8},"end":{"line":66,"column":9}},"type":"if","locations":[{"start":{"line":64,"column":8},"end":{"line":66,"column":9}},{"start":{},"end":{}}]},"3":{"loc":{"start":{"line":82,"column":8},"end":{"line":84,"column":9}},"type":"if","locations":[{"start":{"line":82,"column":8},"end":{"line":84,"column":9}},{"start":{},"end":{}}]}},"s":{"0":2,"1":2,"2":1,"3":1,"4":1,"5":0,"6":2,"7":2,"8":2,"9":2,"10":2,"11":0,"12":0,"13":2,"14":2,"15":2,"16":2,"17":2,"18":2,"19":1,"20":1,"21":0,"22":0,"23":2,"24":2,"25":2,"26":2,"27":2,"28":2,"29":1,"30":1,"31":1,"32":1,"33":0,"34":0,"35":2,"36":2,"37":2,"38":2,"39":2,"40":2,"41":1,"42":1,"43":1,"44":1,"45":0,"46":0,"47":2,"48":2,"49":2,"50":2,"51":2,"52":2,"53":1,"54":1,"55":1,"56":0,"57":0,"58":2},"f":{"0":1,"1":2,"2":2,"3":2,"4":2,"5":2},"b":{"0":[1,1],"1":[1,1],"2":[1,1],"3":[1,1]}}
,"C:\\Users\\alan_\\Documents\\Projects\\product-admin\\backend\\src\\middleware\\index.ts": {"path":"C:\\Users\\alan_\\Documents\\Projects\\product-admin\\backend\\src\\middleware\\index.ts","statementMap":{"0":{"start":{"line":2,"column":0},"end":{"line":2,"column":52}},"1":{"start":{"line":4,"column":33},"end":{"line":12,"column":1}},"2":{"start":{"line":5,"column":17},"end":{"line":5,"column":38}},"3":{"start":{"line":7,"column":4},"end":{"line":9,"column":5}},"4":{"start":{"line":8,"column":8},"end":{"line":8,"column":44}},"5":{"start":{"line":11,"column":4},"end":{"line":11,"column":11}},"6":{"start":{"line":4,"column":13},"end":{"line":4,"column":33}}},"fnMap":{"0":{"name":"(anonymous_0)","decl":{"start":{"line":4,"column":33},"end":{"line":4,"column":34}},"loc":{"start":{"line":4,"column":85},"end":{"line":12,"column":1}}}},"branchMap":{"0":{"loc":{"start":{"line":7,"column":4},"end":{"line":9,"column":5}},"type":"if","locations":[{"start":{"line":7,"column":4},"end":{"line":9,"column":5}},{"start":{},"end":{}}]}},"s":{"0":2,"1":2,"2":18,"3":18,"4":9,"5":9,"6":2},"f":{"0":18},"b":{"0":[9,9]}}
,"C:\\Users\\alan_\\Documents\\Projects\\product-admin\\backend\\src\\models\\Product.model.ts": {"path":"C:\\Users\\alan_\\Documents\\Projects\\product-admin\\backend\\src\\models\\Product.model.ts","statementMap":{"0":{"start":{"line":1,"column":0},"end":{"line":1,"column":78}},"1":{"start":{"line":7,"column":0},"end":{"line":23,"column":null}},"2":{"start":{"line":11,"column":12},"end":{"line":11,"column":null}},"3":{"start":{"line":16,"column":12},"end":{"line":16,"column":null}},"4":{"start":{"line":22,"column":12},"end":{"line":22,"column":null}},"5":{"start":{"line":7,"column":6},"end":{"line":23,"column":null}},"6":{"start":{"line":25,"column":0},"end":{"line":25,"column":null}}},"fnMap":{},"branchMap":{},"s":{"0":3,"1":3,"2":3,"3":3,"4":3,"5":3,"6":3},"f":{},"b":{}}
}
