TN:
SF:src\router.ts
FN:29,(anonymous_0)
FN:41,(anonymous_1)
FNF:2
FNH:2
FNDA:4,(anonymous_0)
FNDA:5,(anonymous_1)
DA:1,2
DA:2,2
DA:3,2
DA:4,2
DA:13,2
DA:15,2
DA:17,2
DA:23,2
DA:29,4
DA:34,2
DA:41,5
DA:47,2
DA:53,2
DA:59,2
LF:14
LH:14
BRF:0
BRH:0
end_of_record
TN:
SF:src\server.ts
FN:7,connectDB
FN:26,(anonymous_2)
FNF:2
FNH:2
FNDA:3,connectDB
FNDA:1,(anonymous_2)
DA:1,2
DA:2,2
DA:3,2
DA:4,2
DA:7,2
DA:8,3
DA:9,3
DA:10,2
DA:13,1
DA:14,1
DA:18,2
DA:20,2
DA:23,2
DA:26,2
DA:27,1
DA:31,2
DA:33,2
LF:17
LH:17
BRF:0
BRH:0
end_of_record
TN:
SF:src\config\db.ts
FNF:0
FNH:0
DA:1,2
DA:2,2
DA:4,2
DA:6,2
DA:12,2
LF:5
LH:5
BRF:0
BRH:0
end_of_record
TN:
SF:src\handlers\product.ts
FN:4,(anonymous_1)
FN:13,(anonymous_2)
FN:25,(anonymous_3)
FN:41,(anonymous_4)
FN:59,(anonymous_5)
FN:77,(anonymous_6)
FNF:6
FNH:6
FNDA:1,(anonymous_1)
FNDA:2,(anonymous_2)
FNDA:2,(anonymous_3)
FNDA:2,(anonymous_4)
FNDA:2,(anonymous_5)
FNDA:2,(anonymous_6)
DA:2,2
DA:4,2
DA:5,1
DA:6,1
DA:7,1
DA:9,0
DA:13,2
DA:14,2
DA:15,2
DA:18,2
DA:20,0
DA:21,0
DA:25,2
DA:26,2
DA:27,2
DA:28,2
DA:30,2
DA:31,1
DA:34,1
DA:36,0
DA:37,0
DA:41,2
DA:42,2
DA:43,2
DA:44,2
DA:46,2
DA:47,1
DA:50,1
DA:51,1
DA:52,1
DA:54,0
DA:55,0
DA:59,2
DA:60,2
DA:61,2
DA:62,2
DA:64,2
DA:65,1
DA:68,1
DA:69,1
DA:70,1
DA:72,0
DA:73,0
DA:77,2
DA:78,2
DA:79,2
DA:80,2
DA:82,2
DA:83,1
DA:86,1
DA:87,1
DA:90,0
DA:91,0
LF:53
LH:42
BRDA:30,0,0,1
BRDA:30,0,1,1
BRDA:46,1,0,1
BRDA:46,1,1,1
BRDA:64,2,0,1
BRDA:64,2,1,1
BRDA:82,3,0,1
BRDA:82,3,1,1
BRF:8
BRH:8
end_of_record
TN:
SF:src\middleware\index.ts
FN:4,(anonymous_0)
FNF:1
FNH:1
FNDA:18,(anonymous_0)
DA:2,2
DA:4,2
DA:5,18
DA:7,18
DA:8,9
DA:11,9
LF:6
LH:6
BRDA:7,0,0,9
BRDA:7,0,1,9
BRF:2
BRH:2
end_of_record
TN:
SF:src\models\Product.model.ts
FNF:0
FNH:0
DA:1,3
DA:7,3
DA:11,3
DA:16,3
DA:22,3
DA:25,3
LF:6
LH:6
BRF:0
BRH:0
end_of_record
